<?xml version="1.0" encoding="UTF-8"?>
<testsuite name="evaluations.level11.gameobjects.SpaceShipTest" tests="4" skipped="0" failures="0" errors="0" timestamp="2025-05-10T15:26:24" hostname="DESKTOP-TUURA6M" time="0.044">
  <properties/>
  <testcase name="testConstructorAndGetters()" classname="evaluations.level11.gameobjects.SpaceShipTest" time="0.021"/>
  <testcase name="testAbstractClassAndInterfaceImplementation()" classname="evaluations.level11.gameobjects.SpaceShipTest" time="0.002"/>
  <testcase name="testDisplayStatus()" classname="evaluations.level11.gameobjects.SpaceShipTest" time="0.015"/>
  <testcase name="testMoveMethods()" classname="evaluations.level11.gameobjects.SpaceShipTest" time="0.002"/>
  <system-out><![CDATA[The fuel level is: 50and the position is (0, 0)
The fuel level is: 70and the position is (0, 0)
]]></system-out>
  <system-err><![CDATA[]]></system-err>
</testsuite>
